<?xml version="1.0" encoding="UTF-8"?>
<robot generator="Robot 3.2.2 (Python 3.8.0 on win32)" generated="20230602 01:34:31.348" rpa="false">
<suite id="s1" name="Proyek" source="D:\PERKULIAHAN\semester 4\PKPL\proyek">
<suite id="s1-s1" name="TestSuite" source="D:\PERKULIAHAN\semester 4\PKPL\proyek\TestSuite">
<suite id="s1-s1-s1" name="TambahPerangkatDesa" source="D:\PERKULIAHAN\semester 4\PKPL\proyek\TestSuite\TambahPerangkatDesa.robot">
<test id="s1-s1-s1-t1" name="TambahPerangkat76">
<kw name="Open Browser" library="SeleniumLibrary">
<doc>Opens a new browser instance to the optional ``url``.</doc>
<arguments>
<arg>http://127.0.0.1:8000/login</arg>
<arg>chrome</arg>
</arguments>
<msg timestamp="20230602 01:34:31.664" level="INFO">Opening browser 'chrome' to base url 'http://127.0.0.1:8000/login'.</msg>
<status status="PASS" starttime="20230602 01:34:31.664" endtime="20230602 01:34:34.028"></status>
</kw>
<kw name="Set Selenium Implicit Wait" library="SeleniumLibrary">
<doc>Sets the implicit wait value used by Selenium.</doc>
<arguments>
<arg>5</arg>
</arguments>
<status status="PASS" starttime="20230602 01:34:34.028" endtime="20230602 01:34:34.032"></status>
</kw>
<kw name="Sleep" library="BuiltIn">
<doc>Pauses the test executed for the given time.</doc>
<arguments>
<arg>2</arg>
</arguments>
<msg timestamp="20230602 01:34:36.049" level="INFO">Slept 2 seconds</msg>
<status status="PASS" starttime="20230602 01:34:34.033" endtime="20230602 01:34:36.050"></status>
</kw>
<kw name="Input Text" library="SeleniumLibrary">
<doc>Types the given ``text`` into the text field identified by ``locator``.</doc>
<arguments>
<arg>nik</arg>
<arg>1134327689990001</arg>
</arguments>
<msg timestamp="20230602 01:34:36.051" level="INFO">Typing text '1134327689990001' into text field 'nik'.</msg>
<status status="PASS" starttime="20230602 01:34:36.050" endtime="20230602 01:34:36.186"></status>
</kw>
<kw name="Input Password" library="SeleniumLibrary">
<doc>Types the given password into the text field identified by ``locator``.</doc>
<arguments>
<arg>password</arg>
<arg>putra12345</arg>
</arguments>
<msg timestamp="20230602 01:34:36.187" level="INFO">Typing password into text field 'password'.</msg>
<msg timestamp="20230602 01:34:36.216" level="INFO">Temporally setting log level to: NONE</msg>
<msg timestamp="20230602 01:34:36.265" level="INFO">Log level changed from NONE to INFO.</msg>
<status status="PASS" starttime="20230602 01:34:36.187" endtime="20230602 01:34:36.265"></status>
</kw>
<kw name="Click Element" library="SeleniumLibrary">
<doc>Click the element identified by ``locator``.</doc>
<arguments>
<arg>//*[@id="login_form"]/button</arg>
</arguments>
<msg timestamp="20230602 01:34:36.266" level="INFO">Clicking element '//*[@id="login_form"]/button'.</msg>
<status status="PASS" starttime="20230602 01:34:36.265" endtime="20230602 01:34:36.332"></status>
</kw>
<kw name="Sleep" library="BuiltIn">
<doc>Pauses the test executed for the given time.</doc>
<arguments>
<arg>2</arg>
</arguments>
<msg timestamp="20230602 01:34:38.337" level="INFO">Slept 2 seconds</msg>
<status status="PASS" starttime="20230602 01:34:36.332" endtime="20230602 01:34:38.337"></status>
</kw>
<kw name="Click Element" library="SeleniumLibrary">
<doc>Click the element identified by ``locator``.</doc>
<arguments>
<arg>xpath=/html/body/div[2]/div/div[6]/button[1]</arg>
</arguments>
<msg timestamp="20230602 01:34:38.338" level="INFO">Clicking element 'xpath=/html/body/div[2]/div/div[6]/button[1]'.</msg>
<status status="PASS" starttime="20230602 01:34:38.337" endtime="20230602 01:34:39.758"></status>
</kw>
<kw name="Click Element" library="SeleniumLibrary">
<doc>Click the element identified by ``locator``.</doc>
<arguments>
<arg>//*[@id="iq-sidebar-toggle"]/li[3]/a</arg>
</arguments>
<msg timestamp="20230602 01:34:39.759" level="INFO">Clicking element '//*[@id="iq-sidebar-toggle"]/li[3]/a'.</msg>
<status status="PASS" starttime="20230602 01:34:39.759" endtime="20230602 01:34:41.614"></status>
</kw>
<kw name="Click Element" library="SeleniumLibrary">
<doc>Click the element identified by ``locator``.</doc>
<arguments>
<arg>//*[@id="iq-sidebar-toggle"]/li[4]/a</arg>
</arguments>
<msg timestamp="20230602 01:34:41.616" level="INFO">Clicking element '//*[@id="iq-sidebar-toggle"]/li[4]/a'.</msg>
<status status="PASS" starttime="20230602 01:34:41.615" endtime="20230602 01:34:43.151"></status>
</kw>
<kw name="Click Element" library="SeleniumLibrary">
<doc>Click the element identified by ``locator``.</doc>
<arguments>
<arg>//*[@id="app"]/div/div[4]/div/div/div/div[1]/div[2]/div/div/a</arg>
</arguments>
<msg timestamp="20230602 01:34:43.153" level="INFO">Clicking element '//*[@id="app"]/div/div[4]/div/div/div/div[1]/div[2]/div/div/a'.</msg>
<status status="PASS" starttime="20230602 01:34:43.151" endtime="20230602 01:34:44.796"></status>
</kw>
<kw name="Click Element" library="SeleniumLibrary">
<doc>Click the element identified by ``locator``.</doc>
<arguments>
<arg>//*[@id="perangkat_form"]/button[1]</arg>
</arguments>
<msg timestamp="20230602 01:34:44.798" level="INFO">Clicking element '//*[@id="perangkat_form"]/button[1]'.</msg>
<status status="PASS" starttime="20230602 01:34:44.797" endtime="20230602 01:34:44.898"></status>
</kw>
<kw name="Sleep" library="BuiltIn">
<doc>Pauses the test executed for the given time.</doc>
<arguments>
<arg>6</arg>
</arguments>
<msg timestamp="20230602 01:34:50.911" level="INFO">Slept 6 seconds</msg>
<status status="PASS" starttime="20230602 01:34:44.899" endtime="20230602 01:34:50.911"></status>
</kw>
<kw name="Close Browser" library="SeleniumLibrary">
<doc>Closes the current browser.</doc>
<status status="PASS" starttime="20230602 01:34:50.911" endtime="20230602 01:34:53.190"></status>
</kw>
<kw name="Log" library="BuiltIn">
<doc>Logs the given message with the given level.</doc>
<arguments>
<arg>Test Completed</arg>
</arguments>
<msg timestamp="20230602 01:34:53.192" level="INFO">Test Completed</msg>
<status status="PASS" starttime="20230602 01:34:53.191" endtime="20230602 01:34:53.192"></status>
</kw>
<status status="PASS" starttime="20230602 01:34:31.663" endtime="20230602 01:34:53.193" critical="yes"></status>
</test>
<status status="PASS" starttime="20230602 01:34:31.403" endtime="20230602 01:34:53.195"></status>
</suite>
<status status="PASS" starttime="20230602 01:34:31.400" endtime="20230602 01:34:53.200"></status>
</suite>
<status status="PASS" starttime="20230602 01:34:31.378" endtime="20230602 01:34:53.204"></status>
</suite>
<statistics>
<total>
<stat pass="1" fail="0">Critical Tests</stat>
<stat pass="1" fail="0">All Tests</stat>
</total>
<tag>
</tag>
<suite>
<stat pass="1" fail="0" id="s1" name="Proyek">Proyek</stat>
<stat pass="1" fail="0" id="s1-s1" name="TestSuite">Proyek.TestSuite</stat>
<stat pass="1" fail="0" id="s1-s1-s1" name="TambahPerangkatDesa">Proyek.TestSuite.TambahPerangkatDesa</stat>
</suite>
</statistics>
<errors>
</errors>
</robot>
